[debug] [2022-08-30T15:13:38.987Z] ----------------------------------------------------------------------
[debug] [2022-08-30T15:13:38.989Z] Command:       /usr/local/bin/node /usr/local/bin/firebase init
[debug] [2022-08-30T15:13:38.990Z] CLI Version:   11.8.0
[debug] [2022-08-30T15:13:38.990Z] Platform:      darwin
[debug] [2022-08-30T15:13:38.990Z] Node Version:  v16.15.1
[debug] [2022-08-30T15:13:38.992Z] Time:          Tue Aug 30 2022 16:13:38 GMT+0100 (West Africa Standard Time)
[debug] [2022-08-30T15:13:38.992Z] ----------------------------------------------------------------------
[debug] 
[debug] [2022-08-30T15:13:39.000Z] > command requires scopes: ["email","openid","https://www.googleapis.com/auth/cloudplatformprojects.readonly","https://www.googleapis.com/auth/firebase","https://www.googleapis.com/auth/cloud-platform"]
[debug] [2022-08-30T15:13:39.000Z] > authorizing via signed-in user (seeniolabode8734@gmail.com)
[info] 
     ######## #### ########  ######## ########     ###     ######  ########
     ##        ##  ##     ## ##       ##     ##  ##   ##  ##       ##
     ######    ##  ########  ######   ########  #########  ######  ######
     ##        ##  ##    ##  ##       ##     ## ##     ##       ## ##
     ##       #### ##     ## ######## ########  ##     ##  ######  ########

You're about to initialize a Firebase project in this directory:

  /Users/macbookpro/Desktop/my-projects/kanban-task-management

[info] 
=== Project Setup
[info] 
[info] First, let's associate this project directory with a Firebase project.
[info] You can create multiple project aliases by running firebase use --add, 
[info] but for now we'll just set up a default project.
[info] 
[debug] [2022-08-30T15:13:50.218Z] > refreshing access token with scopes: []
[debug] [2022-08-30T15:13:50.221Z] >>> [apiv2][query] POST https://www.googleapis.com/oauth2/v3/token [none]
[debug] [2022-08-30T15:13:50.221Z] >>> [apiv2][body] POST https://www.googleapis.com/oauth2/v3/token [omitted]
[debug] [2022-08-30T15:13:50.785Z] <<< [apiv2][status] POST https://www.googleapis.com/oauth2/v3/token 200
[debug] [2022-08-30T15:13:50.785Z] <<< [apiv2][body] POST https://www.googleapis.com/oauth2/v3/token [omitted]
[debug] [2022-08-30T15:13:50.836Z] >>> [apiv2][query] GET https://firebase.googleapis.com/v1beta1/projects pageSize=100
[debug] [2022-08-30T15:13:51.840Z] <<< [apiv2][status] GET https://firebase.googleapis.com/v1beta1/projects 200
[debug] [2022-08-30T15:13:51.840Z] <<< [apiv2][body] GET https://firebase.googleapis.com/v1beta1/projects [omitted]
[info] i  Using project kanban-task-management-9d5c5 (Kanban Task Management) 
[info] 
=== Hosting Setup
[info] 
[info] Your public directory is the folder (relative to your project directory) that
[info] will contain Hosting assets to be uploaded with firebase deploy. If you
[info] have a build process for your assets, use your build's output directory.
[info] 
